* installing *source* package ‘DIDmultiplegtDYNpolars’ ...
** this is package ‘DIDmultiplegtDYNpolars’ version ‘2.2.0’
** using staged installation
** libs
using C++ compiler: ‘Apple clang version 17.0.0 (clang-1700.4.4.1)’
using SDK: ‘MacOSX26.1.sdk’
clang++ -arch arm64 -std=gnu++17 -I"/Library/Frameworks/R.framework/Resources/include" -DNDEBUG  -I'/Library/Frameworks/R.framework/Versions/4.5-arm64/Resources/library/Rcpp/include' -I/opt/R/arm64/include    -fPIC  -falign-functions=64 -Wall -g -O2   -c RcppExports.cpp -o RcppExports.o
clang++ -arch arm64 -std=gnu++17 -I"/Library/Frameworks/R.framework/Resources/include" -DNDEBUG  -I'/Library/Frameworks/R.framework/Versions/4.5-arm64/Resources/library/Rcpp/include' -I/opt/R/arm64/include    -fPIC  -falign-functions=64 -Wall -g -O2   -c did_loops.cpp -o did_loops.o
did_loops.cpp:330:7: warning: unused variable 'current_group' [-Wunused-variable]
  330 |   int current_group = group[0];
      |       ^~~~~~~~~~~~~
did_loops.cpp:331:7: warning: unused variable 'group_start' [-Wunused-variable]
  331 |   int group_start = 0;
      |       ^~~~~~~~~~~
did_loops.cpp:332:7: warning: unused variable 'group_end' [-Wunused-variable]
  332 |   int group_end = 0;
      |       ^~~~~~~~~
3 warnings generated.
clang++ -arch arm64 -std=gnu++17 -dynamiclib -Wl,-headerpad_max_install_names -undefined dynamic_lookup -L/Library/Frameworks/R.framework/Resources/lib -L/opt/R/arm64/lib -o DIDmultiplegtDYNpolars.so RcppExports.o did_loops.o -F/Library/Frameworks/R.framework/.. -framework R
installing to /Users/anzony.quisperojas/Documents/GitHub/R_didgt_polars/DIDmultiplegtDYNpolars.Rcheck/00LOCK-DIDmultiplegtDYNpolars/00new/DIDmultiplegtDYNpolars/libs
** R
** data
*** moving datasets to lazyload DB
** byte-compile and prepare package for lazy loading
** help
*** installing help indices
** building package indices
** testing if installed package can be loaded from temporary location
** checking absolute paths in shared objects and dynamic libraries
** testing if installed package can be loaded from final location
** testing if installed package keeps a record of temporary installation path
* DONE (DIDmultiplegtDYNpolars)
